╔══════════════════════════════════════════════════════════════╗
║  TaiyiForge v28 All-Slashes Demo                              ║
║  真源: docs/taiyi/canonical-commands.md → canonical_v28       ║
║  跑全 28 条 v28 顶栏斜杠 · 真实 cmd 调用 · 真实输出           ║
╚══════════════════════════════════════════════════════════════╝

ROOT  = /Users/shixiaocai/Desktop/chuangye/oh-my-taiyiforge
TIME  = 01:32:56
LOG   = /Users/shixiaocai/Desktop/chuangye/oh-my-taiyiforge/examples/v28-all-slashes-demo/output/demo.log


[1;36m§0 引擎就绪 · v28 #11 /taiyi:doctor · #12 /taiyi:audit · #13 /taiyi:verify[0m

────────────────────────────────────────────────────

[1;36mv28 #11 /taiyi:doctor（engine: doctor --json --compact）[0m
[2m\$ bash /Users/shixiaocai/Desktop/chuangye/oh-my-taiyiforge/scripts/taiyi-forge.sh doctor --json --compact[0m
{
  "ok": true,
  "version": "0.26.0",
  "installOk": true,
  "workspaceOk": false,
  "failed": [
    {
      "id": "cursor-commands",
      "detail": "25/27 at /Users/shixiaocai/.cursor/commands"
    },
    {
      "id": "workflow-active-count",
      "detail": "多个 active（test-slug, handoff-cli-demo, handoff-cli-smoke-var-folders-5f-m8c734691mgcmvy, ty-6aqm6k-b, verification, demo-28-v28, fix-shell-whitelist-and-profile-help）— 须 /taiyi:list 并指定 slug"
    },
    {
      "id": "workflow-infer-slug",
      "detail": "有 7 个进行中的变更（test-slug, handoff-cli-demo, handoff-cli-smoke-var-folders-5f-m8c734691mgcmvy, ty-6aqm6k-b, verification … 另有 2 个），请指定 slug：/taiyi:continue <slug>\n查看全部: /taiyi:list"
    }
  ]
}

────────────────────────────────────────────────────

[1;36mv28 #12 /taiyi:audit（engine: audit --json --compact）[0m
[2m\$ bash /Users/shixiaocai/Desktop/chuangye/oh-my-taiyiforge/scripts/taiyi-forge.sh audit --json --compact[0m
{
  "ok": false,
  "changes": 7,
  "highCount": 6,
  "mediumCount": 0,
  "findings": [
    {
      "slug": "test-slug",
      "severity": "high",
      "code": "artifact.quality",
      "message": "阶段 change 工件未通过质量校验: 创建并填写工件: /Users/shixiaocai/Desktop/chuangye/oh-my-taiyiforge/.taiyi/changes/test-slug/CHANGE.md"
    },
    {
      "slug": "handoff-cli-demo",
      "severity": "high",
      "code": "artifact.quality",
      "message": "阶段 change 工件未通过质量校验: [Zod] 缺少 change.json，用 executor.generateStageData 生成"
    },
    {
      "slug": "handoff-cli-smoke-var-folders-5f-m8c734691mgcmvy",
      "severity": "high",
      "code": "artifact.quality",
      "message": "阶段 change 工件未通过质量校验: [Zod] 缺少 change.json，用 executor.generateStageData 生成"
    },
    {
      "slug": "ty-6aqm6k-b",
      "severity": "high",
      "code": "artifact.quality",
      "message": "阶段 change 工件未通过质量校验: [Zod] 缺少 change.json，用 executor.generateStageData 生成"
    },
    {
      "slug": "verification",
      "severity": "high",
      "code": "artifact.quality",
      "message": "阶段 dev 工件未通过质量校验: 创建并填写工件: /Users/shixiaocai/Desktop/chuangye/oh-my-taiyiforge/.taiyi/changes/verification/.dev-complete"
    },
    {
      "slug": "demo-28-v28",
      "severity": "high",
      "code": "artifact.quality",
      "message": "阶段 change 工件未通过质量校验: [Zod] 缺少 change.json，用 executor.generateStageData 生成"
    }
  ],
  "notes": [
    "audit = 流程/交付排查（非 doctor 安装自检）",
    "对照: doctor=安装 · verify=PR工件门禁 · audit=交付闭环与工件漂移"
  ]
}

[1;36m§1 Main chain (6) · v28 #1–6[0m

────────────────────────────────────────────────────

[1;36mv28 #1 /taiyi:new（engine: new）[0m
[2m\$ bash /Users/shixiaocai/Desktop/chuangye/oh-my-taiyiforge/scripts/taiyi-forge.sh new demo: 跑全 28 v28 顶栏斜杠 --profile lite --force[0m
变更: demo-28-v28

# TaiyiForge · demo-28-v28

当前: change（1/5）| ⚠ dev 前有业务代码改动
意图分析: 模块≈2 · 无 UI · 测试层级≈1 · 复杂度 low(3)
Token: 0 / 500,000（0%）· 估算费用 ≈ $0.0000
  阶段 change: 0 / 80,000

Superpowers（建议）: brainstorming
Superpowers（可选）: using-superpowers, using-git-worktrees
辅助 Skill: taiyi-intel-scan
harness 必选: superpowers/brainstorming
斜杠命令: /taiyi:explore · /taiyi:continue
人工门: 须 --approver
Taiyi Skill: taiyi-change → CHANGE.md

说明: new/init 仅创建当前阶段模板；后续阶段模板在上一阶段过关后生成
Profile: lite
跳过: design, ui-design, task, review
Skill: taiyi-change
工件: /Users/shixiaocai/Desktop/chuangye/oh-my-taiyiforge/.taiyi/changes/demo-28-v28/CHANGE.md
质量就绪: 否

已自动对齐:
  ↻ 已移除 CHANGE.md 的模板标记（内容已就绪）

⚠ 代码漂移: 当前 change 未到 dev，但工作区有业务代码改动（examples/v28-all-slashes-demo/output/demo.log, .omc/state/checkpoints/checkpoint-2026-06-20T17-31-50-114Z.json）。规划阶段只写 .taiyi/changes/ 工件；实现请等到 dev 且 /taiyi:apply 后再改代码。
复杂度: low (score 3)
待做辅助: taiyi-intel-scan

质量提示:
  - [Zod] 缺少 change.json，用 executor.generateStageData 生成

铁三角推荐:
  - superpowers: brainstorming (立项前澄清范围与风险（/taiyi:explore）)
  - taiyi: scripts/taiyi-forge.sh token compress demo-28-v28 (Token: 工件按 ## 节截断 → CONTEXT-COMPACT.md；优先于全量读 CHANGE…CHANGELOG) (可选)
  - gstack: checkpoint (Token 压缩: 长会话 / IDE compaction 前落盘 git+决策；新会话读 checkpoint 续作) (可选)

→ dev 前勿改业务代码；撤销或暂存改动后再推进。
下一步 Skill: taiyi-requirement

